{
  "0 debug pnpm:scope": {
    "selected": 1,
    "workspacePrefix": "C:\\Codes\\czarofcards"
  },
  "1 error pnpm": {
    "errno": 2,
    "code": "ELIFECYCLE",
    "pkgid": "@coc/components@0.0.1",
    "stage": "lint",
    "script": "prettier --ignore-path .gitignore --check --plugin-search-dir=. . && eslint --ignore-path .gitignore .",
    "pkgname": "@coc/components",
    "err": {
      "name": "pnpm",
      "message": "@coc/components@0.0.1 lint: `prettier --ignore-path .gitignore --check --plugin-search-dir=. . && eslint --ignore-path .gitignore .`\nExit status 2",
      "code": "ELIFECYCLE",
      "stack": "pnpm: @coc/components@0.0.1 lint: `prettier --ignore-path .gitignore --check --plugin-search-dir=. . && eslint --ignore-path .gitignore .`\nExit status 2\n    at EventEmitter.<anonymous> (C:\\snapshot\\dist\\pnpm.cjs)\n    at EventEmitter.emit (events.js:376:20)\n    at ChildProcess.<anonymous> (C:\\snapshot\\dist\\pnpm.cjs)\n    at ChildProcess.emit (events.js:376:20)\n    at maybeClose (internal/child_process.js:1055:16)\n    at Process.ChildProcess._handle.onexit (internal/child_process.js:288:5)"
    }
  },
  "2 warn pnpm:global": " Local package.json exists, but node_modules missing, did you mean to install?"
}